acl-2.2.53.tar.gz,007aabf1dbb550bcddde52a244cd1070
attr-2.4.48.tar.gz,bc1e5cb5c96d99b24886f1f527d3bb3d
autoconf-2.69.tar.xz,50f97f4159805e374639a73e2636f22e
automake-1.16.1.tar.xz,53f38e7591fa57c3d2cee682be668e5b
bash-5.0.tar.gz,2b44b47b905be16f45709648f671820b
bc-2.1.3.tar.gz,2a882dc39c0fb8e36c12f590d54cc039
binutils-2.32.tar.xz,0d174cdaf85721c5723bf52355be41e6
bison-3.4.1.tar.xz,201286a573b12da109df96282fe4ff4a
bzip2-1.0.8.tar.gz,67e051268d0c475ea773822f7500d0e5
check-0.12.0.tar.gz,31b17c6075820a434119592941186f70
coreutils-8.31.tar.xz,0009a224d8e288e8ec406ef0161f9293
dejagnu-1.6.2.tar.gz,e1b07516533f351b3aba3423fafeffd6
diffutils-3.7.tar.xz,4824adc0e95dbbf11dfbdfaad6a1e461
e2fsprogs-1.45.3.tar.gz,447a225c05f0a81121f6ddffbf55b06c
elfutils-0.177.tar.bz2,0b583722f911e1632544718d502aab87
eudev-3.2.8.tar.gz,ce166b3fdd910c2a4a840378f48fedaf
expat-2.2.7.tar.xz,3659bc0938db78815b5f5a9c24d732aa
expect5.45.4.tar.gz,00fce8de158422f5ccd2666512329bd2
file-5.37.tar.gz,80c29aca745466c6c24d11f059329075
findutils-4.6.0.tar.gz,9936aa8009438ce185bea2694a997fc1
flex-2.6.4.tar.gz,2882e3179748cc9f9c23ec593d6adc8d
gawk-5.0.1.tar.xz,f9db3f6715207c6f13719713abc9c707
gcc-9.2.0.tar.xz,3818ad8600447f05349098232c2ddc78
gdbm-1.18.1.tar.gz,988dc82182121c7570e0cb8b4fcd5415
gettext-0.20.1.tar.xz,9ed9e26ab613b668e0026222a9c23639
glibc-2.30.tar.xz,2b1dbdf27b28620752956c061d62f60c
gmp-6.1.2.tar.xz,f58fa8001d60c4c77595fbbb62b63c1d
gperf-3.1.tar.gz,9e251c0a618ad0824b51117d5d9db87e
grep-3.3.tar.xz,05d0718a1b7cc706a4bdf8115363f1ed
groff-1.22.4.tar.gz,08fb04335e2f5e73f23ea4c3adbf0c5f
grub-2.04.tar.xz,5aaca6713b47ca2456d8324a58755ac7
gzip-1.10.tar.xz,691b1221694c3394f1c537df4eee39d3
iana-etc-2.30.tar.bz2,3ba3afb1d1b261383d247f46cb135ee8
inetutils-1.9.4.tar.xz,87fef1fa3f603aef11c41dcc097af75e
intltool-0.51.0.tar.gz,12e517cac2b57a0121cda351570f1e63
iproute2-5.2.0.tar.xz,0cb2736e7bc2f56254a363d3d23703b7
kbd-2.2.0.tar.xz,d1d7ae0b5fb875dc082731e09cd0c8bc
kmod-26.tar.xz,1129c243199bdd7db01b55a61aa19601
less-551.tar.gz,4ad4408b06d7a6626a055cb453f36819
lfs-bootscripts-20190524.tar.xz,c91b11e366649c9cec60c2552820fed5
libcap-2.27.tar.xz,2e8f9fab32eb5ccb37969fe317fd17aa
libffi-3.2.1.tar.gz,83b89587607e3eb65c70d361f13bab43
libpipeline-1.5.1.tar.gz,4c8fe6cd85422baafd6e060f896c61bc
libtool-2.4.6.tar.xz,1bfb9b923f2c1339b4d2ce1807064aa5
linux-5.2.8.tar.xz,602dd0ecb8646e539fefb2beb6eb6fe0
m4-1.4.18.tar.xz,730bb15d96fffe47e148d1e09235af82
make-4.2.1.tar.gz,7d0dcb6c474b258aab4d54098f2cf5a7
man-db-2.8.6.1.tar.xz,22e82fe1127f4ca95de7100168a927d1
man-pages-5.02.tar.xz,136e5e3380963571a079693d8ae38f52
meson-0.51.1.tar.gz,48787e391ec5c052799a3dd491f73909
mpc-1.1.0.tar.gz,4125404e41e482ec68282a2e687f6c73
mpfr-4.0.2.tar.xz,320fbc4463d4c8cb1e566929d8adc4f8
ninja-1.9.0.tar.gz,f340be768a76724b83e6daab69009902
ncurses-6.1.tar.gz,98c889aaf8d23910d2b92d65be2e737a
openssl-1.1.1c.tar.gz,15e21da6efe8aa0e0768ffd8cd37a5f6
patch-2.7.6.tar.xz,78ad9937e4caadcba1526ef1853730d5
perl-5.30.0.tar.xz,037c35000550bdcb47552ad0f6d3064d
pkg-config-0.29.2.tar.gz,f6e931e319531b736fadc017f470e68a
procps-ng-3.3.15.tar.xz,2b0717a7cb474b3d6dfdeedfbad2eccc
psmisc-23.2.tar.xz,0524258861f00be1a02d27d39d8e5e62
Python-3.7.4.tar.xz,d33e4aae66097051c2eca45ee3604803
python-3.7.4-docs-html.tar.bz2,c410337e954dbba2d04fe169c355a6a2
readline-8.0.tar.gz,7e6c1f16aee3244a69aba6e438295ca3
sed-4.7.tar.xz,777ddfd9d71dd06711fe91f0925e1573
shadow-4.7.tar.xz,f7ce18c8dfd05f1a009266cb604d58b7
sysklogd-1.5.1.tar.gz,c70599ab0d037fde724f7210c2c8d7f8
sysvinit-2.95.tar.xz,66f488c952c70ff4245774fc7e87e529
tar-1.32.tar.xz,83e38700a80a26e30b2df054e69956e5
tcl8.6.9-src.tar.gz,aa0a121d95a0e7b73a036f26028538d4
texinfo-6.6.tar.xz,5231da3e6aa106cd0532b8609e5b3702
tzdata2019b.tar.gz,b26b5d7d844cb96c73ed2fb6d588daaf
udev-lfs-20171102.tar.xz,27cd82f9a61422e186b9d6759ddf1634
util-linux-2.34.tar.xz,a78cbeaed9c39094b96a48ba8f891d50
vim-8.1.1846.tar.gz,4f129a05254d93c739fcede843df87df
XML-Parser-2.44.tar.gz,af4813fe3952362451201ced6fbce379
xz-5.2.4.tar.xz,003e4d0b1b1899fc6e3000b24feddf7c
zlib-1.2.11.tar.xz,85adef240c5f370b308da8c938951a68
systemd-241.tar.gz,c5953c24c850b44fcf714326e567dc37
systemd-man-pages-241.tar.xz,6942e1a9032e19da6639f9705241d119
dbus-1.12.16.tar.gz,2dbeae80dfc9e3632320c6a53d5e8890
bzip2-1.0.8-install_docs-1.patch,6a5ac7e89b791aae556de0f745916f7f
coreutils-8.31-i18n-1.patch,a9404fb575dfd5514f3c8f4120f9ca7d
glibc-2.30-fhs-1.patch,9a5997c3452909b1769918c759eff8a2
kbd-2.2.0-backspace-1.patch,f75cca16a38da6caa7d52151f7136895
systemd-241-networkd_and_rdrand_fixes-1.patch,bb26f26d7c3a17d1888ab3171366906b
openssh-8.0p1.tar.gz,bf050f002fe510e1daecd39044e1122d
